2015:4:17 22:48:51	INFO	Logging system initialized with
				Path: ./
				Filename: default.log
				Log level: INFO
				Append flag: True
2015:4:17 22:48:51	INFO	./include/SoundController/SoundController.cpp - 34: Initialized default device.
2015:4:17 22:49:23	INFO	Logging system initialized with
				Path: ./
				Filename: default.log
				Log level: INFO
				Append flag: True
2015:4:17 22:49:23	INFO	./include/SoundController/SoundController.cpp - 34: Initialized default device.
2015:4:17 23:13:51	INFO	Logging system initialized with
				Path: ./
				Filename: default.log
				Log level: INFO
				Append flag: True
2015:4:17 23:13:51	INFO	./include/SoundController/SoundController.cpp - 34: Initialized default device.
2015:4:17 23:15:14	INFO	Logging system initialized with
				Path: ./
				Filename: default.log
				Log level: INFO
				Append flag: True
2015:4:17 23:15:14	INFO	./include/SoundController/SoundController.cpp - 34: Initialized default device.
2015:4:17 23:19:40	INFO	Logging system initialized with
				Path: ./
				Filename: default.log
				Log level: INFO
				Append flag: True
2015:4:17 23:19:40	INFO	./include/SoundController/SoundController.cpp - 34: Initialized default device.
2015:4:17 23:22:37	INFO	Logging system initialized with
				Path: ./
				Filename: default.log
				Log level: INFO
				Append flag: True
2015:4:17 23:22:37	INFO	./include/SoundController/SoundController.cpp - 34: Initialized default device.
2015:4:17 23:23:20	INFO	Logging system initialized with
				Path: ./
				Filename: default.log
				Log level: INFO
				Append flag: True
2015:4:17 23:23:20	INFO	./include/SoundController/SoundController.cpp - 34: Initialized default device.
2015:4:17 23:29:8	INFO	Logging system initialized with
				Path: ./
				Filename: default.log
				Log level: INFO
				Append flag: True
2015:4:17 23:29:8	INFO	./include/SoundController/SoundController.cpp - 34: Initialized default device.
2015:4:17 23:32:24	INFO	Logging system initialized with
				Path: ./
				Filename: default.log
				Log level: INFO
				Append flag: True
2015:4:17 23:32:24	INFO	./include/SoundController/SoundController.cpp - 34: Initialized default device.
2015:4:18 10:16:29	INFO	Logging system initialized with
				Path: ./
				Filename: default.log
				Log level: INFO
				Append flag: True
2015:4:18 10:16:29	INFO	./include/SoundController/SoundController.cpp - 34: Initialized default device.
2015:4:29 23:3:14	INFO	Logging system initialized with
				Path: ./
				Filename: default.log
				Log level: INFO
				Append flag: True
2015:4:29 23:3:14	INFO	./include/SoundController/SoundController.cpp - 34: Initialized default device.
2015:4:30 21:16:46	INFO	Logging system initialized with
				Path: ./
				Filename: default.log
				Log level: INFO
				Append flag: True
2015:4:30 21:16:46	INFO	./include/SoundController/SoundController.cpp - 34: Initialized default device.
